  demo.cpp
  getDevice.cpp
C:\opencv\opencv\build\include\opencv2/core/mat.hpp(1965): warning C4819: 该文件包含不能在当前代码页(936)中表示的字符。请将该文件保存为 Unicode 格式以防止数据丢失
C:\opencv\opencv\build\include\opencv2/core/persistence.hpp : warning C4819: 该文件包含不能在当前代码页(936)中表示的字符。请将该文件保存为 Unicode 格式以防止数据丢失
C:\opencv\opencv\build\include\opencv2/core/utility.hpp : warning C4819: 该文件包含不能在当前代码页(936)中表示的字符。请将该文件保存为 Unicode 格式以防止数据丢失
C:\opencv\opencv\build\include\opencv2/core/utility.hpp : warning C4819: 该文件包含不能在当前代码页(936)中表示的字符。请将该文件保存为 Unicode 格式以防止数据丢失
  ImageDenosing.cpp
ImageDenosing.cpp : warning C4819: 该文件包含不能在当前代码页(936)中表示的字符。请将该文件保存为 Unicode 格式以防止数据丢失
C:\opencv\opencv\build\include\opencv2/core/mat.hpp(1965): warning C4819: 该文件包含不能在当前代码页(936)中表示的字符。请将该文件保存为 Unicode 格式以防止数据丢失
C:\opencv\opencv\build\include\opencv2/core/persistence.hpp : warning C4819: 该文件包含不能在当前代码页(936)中表示的字符。请将该文件保存为 Unicode 格式以防止数据丢失
C:\opencv\opencv\build\include\opencv2/core/utility.hpp : warning C4819: 该文件包含不能在当前代码页(936)中表示的字符。请将该文件保存为 Unicode 格式以防止数据丢失
C:\opencv\opencv\build\include\opencv2/core/utility.hpp : warning C4819: 该文件包含不能在当前代码页(936)中表示的字符。请将该文件保存为 Unicode 格式以防止数据丢失
ImageDenosing.cpp(139): warning C4838: 从“int”转换到“std::size_t”需要收缩转换
ImageDenosing.cpp(157): warning C4838: 从“int”转换到“std::size_t”需要收缩转换
  LoadImage.cpp
C:\opencv\opencv\build\include\opencv2/core/mat.hpp(1965): warning C4819: 该文件包含不能在当前代码页(936)中表示的字符。请将该文件保存为 Unicode 格式以防止数据丢失
C:\opencv\opencv\build\include\opencv2/core/persistence.hpp : warning C4819: 该文件包含不能在当前代码页(936)中表示的字符。请将该文件保存为 Unicode 格式以防止数据丢失
C:\opencv\opencv\build\include\opencv2/core/utility.hpp : warning C4819: 该文件包含不能在当前代码页(936)中表示的字符。请将该文件保存为 Unicode 格式以防止数据丢失
C:\opencv\opencv\build\include\opencv2/core/utility.hpp : warning C4819: 该文件包含不能在当前代码页(936)中表示的字符。请将该文件保存为 Unicode 格式以防止数据丢失
  Utils.cpp
C:\opencv\opencv\build\include\opencv2/core/mat.hpp(1965): warning C4819: 该文件包含不能在当前代码页(936)中表示的字符。请将该文件保存为 Unicode 格式以防止数据丢失
C:\opencv\opencv\build\include\opencv2/core/persistence.hpp : warning C4819: 该文件包含不能在当前代码页(936)中表示的字符。请将该文件保存为 Unicode 格式以防止数据丢失
C:\opencv\opencv\build\include\opencv2/core/utility.hpp : warning C4819: 该文件包含不能在当前代码页(936)中表示的字符。请将该文件保存为 Unicode 格式以防止数据丢失
C:\opencv\opencv\build\include\opencv2/core/utility.hpp : warning C4819: 该文件包含不能在当前代码页(936)中表示的字符。请将该文件保存为 Unicode 格式以防止数据丢失
  正在生成代码
  All 234 functions were compiled because no usable IPDB/IOBJ from previous compilation was found.
  已完成代码的生成
  Project NLM.vcxproj -> E:\VS\workspace\Project NLM\x64\Release\Project NLM.exe
  Project NLM.vcxproj -> E:\VS\workspace\Project NLM\x64\Release\Project NLM.pdb (Full PDB)
